DEBUG LOG: 2025-06-10T11:13:12
Edited Records:
Added Records:
  ID: 305, badge: 1, lastName: 1, firstName: 1, experience: 1, carrier_id: 1, carrier_name: Orn Inc
Deleted Record IDs:
---------------------------------------
DEBUG LOG: 2025-06-10T11:16:36
Edited Records:
Added Records:
  ID: 305, badge: 1, lastName: 1, firstName: 1, experience: 1, carrier_id: 1, carrier_name: Orn Inc
Deleted Record IDs:
---------------------------------------
DEBUG LOG: 2025-06-10T11:46:21
Edited Records:
Added Records:
Deleted Record IDs:
  305
---------------------------------------
DEBUG LOG: 2025-06-10T11:46:40
Edited Records:
Added Records:
Deleted Record IDs:
  303
---------------------------------------
DEBUG LOG: 2025-06-10T12:03:13
Edited Records:
Added Records:
  ID: 305, badge: argv, lastName: 123, firstName: 506, experience: arch, carrier_id: 13, carrier_name: Hintz - Larkin
Deleted Record IDs:
---------------------------------------
DEBUG LOG: 2025-06-10T12:03:33
Edited Records:
Added Records:
  ID: 305, badge: 117090, lastName: 123, firstName: 506, experience: arch, carrier_id: 13, carrier_name: Hintz - Larkin
Deleted Record IDs:
---------------------------------------
DEBUG LOG: 2025-06-10T12:03:47
Edited Records:
Added Records:
  ID: 305, badge: 117090, lastName: 123, firstName: 506, experience: 15, carrier_id: 13, carrier_name: Hintz - Larkin
Deleted Record IDs:
---------------------------------------
DEBUG LOG: 2025-06-10T12:04:38
Edited Records:
Added Records:
  ID: 306, badge: 117090, lastName: Vergiliy, firstName: Krynsky, experience: 2, carrier_id: 17, carrier_name: Lueilwitz, Mayer and Larson
Deleted Record IDs:
---------------------------------------
DEBUG LOG: 2025-06-10T12:04:53
Edited Records:
Added Records:
  ID: 306, badge: 117091, lastName: Vergiliy, firstName: Krynsky, experience: 2, carrier_id: 17, carrier_name: Lueilwitz, Mayer and Larson
Deleted Record IDs:
---------------------------------------
DEBUG LOG: 2025-06-10T12:05:08
Edited Records:
Added Records:
  ID: 306, badge: 117091, lastName: Vergiliy, firstName: Krynsky, experience: 2, carrier_id: 17, carrier_name: Lueilwitz, Mayer and Larson
Deleted Record IDs:
  305
---------------------------------------
DEBUG LOG: 2025-06-10T12:05:14
Edited Records:
  ID: 304, badge: 76283, lastName: Zulauf, firstName: Napoleon, experience: 7, carrier_id: 13, carrier_name: Hintz - Larkin
Added Records:
  ID: 306, badge: 117091, lastName: Vergiliy, firstName: Krynsky, experience: 2, carrier_id: 17, carrier_name: Lueilwitz, Mayer and Larson
Deleted Record IDs:
  305
---------------------------------------
